<?xml version="1.0" encoding="UTF-8" ?>
<testsuites disabled="0" errors="0" failures="0" tests="3" time="39.105">
 <testsuite name="Signin Functionality" timestamp="2021-08-04T14:22:42" hostname="localhost" time="39.105" errors="0" tests="3" skipped="0" disabled="0" failures="0">
  <testcase classname="Signin Functionality" name="Login with valid password and wrong email ID" time="16.635" />
  <testcase classname="Signin Functionality" name="Login with email ID and invalid password" time="11.257" />
  <testcase classname="Signin Functionality" name="Login with valid password and email" time="11.211" />
 </testsuite>
</testsuites>