<?xml version="1.0" encoding="UTF-8" ?>
<testsuites disabled="0" errors="0" failures="0" tests="3" time="36.676">
 <testsuite name="Signin Functionality" timestamp="2021-08-04T14:24:44" hostname="localhost" time="36.676" errors="0" tests="3" skipped="0" disabled="0" failures="0">
  <testcase classname="Signin Functionality" name="Login with valid password and wrong email ID" time="14.151" />
  <testcase classname="Signin Functionality" name="Login with email ID and invalid password" time="11.305" />
  <testcase classname="Signin Functionality" name="Login with valid password and email" time="11.219" />
 </testsuite>
</testsuites>